------------------------------------------------------------------------------------------------------------------
      name:  <unnamed>
       log:  E:\Manish\econometrics2\7.1.log
  log type:  text
 opened on:   3 Jul 2020, 19:50:48

. use insured

. regress insured age totincome male

      Source |       SS           df       MS      Number of obs   =       200
-------------+----------------------------------   F(3, 196)       =      9.20
       Model |  2.79326338         3  .931087794   Prob > F        =    0.0000
    Residual |  19.8267366       196  .101156819   R-squared       =    0.1235
-------------+----------------------------------   Adj R-squared   =    0.1101
       Total |       22.62       199  .113668342   Root MSE        =    .31805

------------------------------------------------------------------------------
     insured |      Coef.   Std. Err.      t    P>|t|     [95% Conf. Interval]
-------------+----------------------------------------------------------------
         age |   .0047908   .0013482     3.55   0.000     .0021319    .0074497
   totincome |   .0037708   .0009345     4.03   0.000     .0019277    .0056138
        male |   .0566237   .0453869     1.25   0.214    -.0328857    .1461331
       _cons |   .5092025   .0765014     6.66   0.000     .3583309    .6600741
------------------------------------------------------------------------------

. probit insured age totincome male

Iteration 0:   log likelihood = -77.277341  
Iteration 1:   log likelihood = -61.845242  
Iteration 2:   log likelihood = -58.741443  
Iteration 3:   log likelihood = -58.696403  
Iteration 4:   log likelihood = -58.696384  
Iteration 5:   log likelihood = -58.696384  

Probit regression                               Number of obs     =        200
                                                LR chi2(3)        =      37.16
                                                Prob > chi2       =     0.0000
Log likelihood = -58.696384                     Pseudo R2         =     0.2404

------------------------------------------------------------------------------
     insured |      Coef.   Std. Err.      z    P>|z|     [95% Conf. Interval]
-------------+----------------------------------------------------------------
         age |   .0301816   .0088316     3.42   0.001      .012872    .0474911
   totincome |    .046875    .011906     3.94   0.000     .0235397    .0702104
        male |   .4567053    .266914     1.71   0.087    -.0664366    .9798472
       _cons |  -1.365734   .4986743    -2.74   0.006    -2.343117   -.3883499
------------------------------------------------------------------------------
Note: 0 failures and 4 successes completely determined.

. mfx

Marginal effects after probit
      y  = Pr(insured) (predict)
         =   .9508176
------------------------------------------------------------------------------
variable |      dy/dx    Std. Err.     z    P>|z|  [    95% C.I.   ]      X
---------+--------------------------------------------------------------------
     age |   .0030721       .0011    2.79   0.005   .000915  .005229    45.425
totinc~e |   .0047713      .00112    4.27   0.000    .00258  .006962   29.9356
    male*|   .0484155      .03062    1.58   0.114  -.011593  .108424      .535
------------------------------------------------------------------------------
(*) dy/dx is for discrete change of dummy variable from 0 to 1

. log close
      name:  <unnamed>
       log:  E:\Manish\econometrics2\7.1.log
  log type:  text
 closed on:   3 Jul 2020, 20:32:51
------------------------------------------------------------------------------------------------------------------
